<?xml version="1.0" encoding="UTF-8"?>
<!-- Generated by org.testng.reporters.JUnitXMLReporter -->
<testsuite ignored="10" hostname="LAPTOP-TOSPC5P3" failures="1" tests="14" name="ChromeTest" time="119.561" errors="0" timestamp="2025-08-24T23:20:40 IST">
  <testcase classname="tests.TC_001_SignUpTest" name="testSignUpWithNewUser" time="1.483">
    <failure type="java.lang.AssertionError" message="Unexpected signup success message. expected [Sign up successful.] but found [This user already exist.]">
      <![CDATA[java.lang.AssertionError: Unexpected signup success message. expected [Sign up successful.] but found [This user already exist.]
at tests.TC_001_SignUpTest.testSignUpWithNewUser(TC_001_SignUpTest.java:31)
at java.base/java.util.ArrayList.forEach(ArrayList.java:1596)
... Removed 30 stack frames]]>
    </failure>
  </testcase> <!-- testSignUpWithNewUser -->
  <testcase classname="tests.TC_001_SignUpTest" name="testSignUpWithExistingUser" time="1.465"/>
  <testcase classname="tests.TC_001_SignUpTest" name="testSignUpWithEmptyFields" time="0.383"/>
  <testcase classname="tests.TC_002_LogInTest" name="testLoginValidCredentials" time="2.451"/>
  <testcase classname="tests.TC_002_LogInTest" name="testLoginInvalidPassword" time="1.356"/>
  <testcase classname="tests.TC_002_LogInTest" name="testLoginEmptyFields" time="0.332"/>
  <testcase classname="tests.TC_002_LogInTest" name="testPasswordFieldIsMasked" time="0.357"/>
  <testcase classname="tests.TC_003_CartTest" name="testFullCartFlow" time="27.723"/>
  <testcase classname="tests.TC_004_OrderTest" name="emptyFormTest" time="5.541"/>
  <testcase classname="tests.TC_004_OrderTest" name="validDetailsTest" time="14.435"/>
  <testcase classname="tests.TC_005_NavigationTest" name="testBrowsing" time="8.217"/>
  <testcase classname="tests.TC_006_UiTest" name="verifyProductTileAlignment" time="0.557"/>
  <testcase classname="tests.TC_006_UiTest" name="verifyActionButtonsVisibility" time="0.417"/>
  <testcase classname="tests.TC_006_UiTest" name="verifyAlertStyling" time="8.808"/>
  <testcase classname="base.ProjectSpecificationMethods" name="@AfterSuite closeReport" time="0.0">
    <ignored/>
  </testcase> <!-- @AfterSuite closeReport -->
  <testcase classname="base.ProjectSpecificationMethods" name="@BeforeSuite createReport" time="0.0">
    <ignored/>
  </testcase> <!-- @BeforeSuite createReport -->
  <testcase classname="base.ProjectSpecificationMethods" name="@AfterSuite closeReport" time="0.0">
    <ignored/>
  </testcase> <!-- @AfterSuite closeReport -->
  <testcase classname="base.ProjectSpecificationMethods" name="@BeforeSuite createReport" time="0.0">
    <ignored/>
  </testcase> <!-- @BeforeSuite createReport -->
  <testcase classname="base.ProjectSpecificationMethods" name="@AfterSuite closeReport" time="0.0">
    <ignored/>
  </testcase> <!-- @AfterSuite closeReport -->
  <testcase classname="base.ProjectSpecificationMethods" name="@BeforeSuite createReport" time="0.0">
    <ignored/>
  </testcase> <!-- @BeforeSuite createReport -->
  <testcase classname="base.ProjectSpecificationMethods" name="@AfterSuite closeReport" time="0.0">
    <ignored/>
  </testcase> <!-- @AfterSuite closeReport -->
  <testcase classname="base.ProjectSpecificationMethods" name="@AfterSuite closeReport" time="0.0">
    <ignored/>
  </testcase> <!-- @AfterSuite closeReport -->
  <testcase classname="base.ProjectSpecificationMethods" name="@BeforeSuite createReport" time="0.0">
    <ignored/>
  </testcase> <!-- @BeforeSuite createReport -->
  <testcase classname="base.ProjectSpecificationMethods" name="@BeforeSuite createReport" time="0.0">
    <ignored/>
  </testcase> <!-- @BeforeSuite createReport -->
</testsuite> <!-- ChromeTest -->
