<?xml version="1.0" encoding="UTF-8"?>
<!-- Generated by org.testng.reporters.JUnitXMLReporter -->
<testsuite ignored="0" hostname="LAPTOP-TOSPC5P3" failures="0" tests="1" name="Test" time="0.043" errors="0" timestamp="2025-08-24T21:59:24 IST">
  <testcase classname="base.ProjectSpecificationMethods" name="@BeforeMethod browserLaunchAndUrlLoad" time="-1.756052964109E9">
    <failure type="org.testng.TestNGException" message="
Parameter &amp;apos;browser&amp;apos; is required by BeforeMethod on method browserLaunchAndUrlLoad but has not been marked @Optional or defined
in C:\Users\surya\eclipse-workspace\demowebsite\testngpar.xml">
      <![CDATA[org.testng.TestNGException: 
Parameter 'browser' is required by BeforeMethod on method browserLaunchAndUrlLoad but has not been marked @Optional or defined
in C:\Users\surya\eclipse-workspace\demowebsite\testngpar.xml
at java.base/java.util.ArrayList.forEach(ArrayList.java:1596)
at java.base/java.util.concurrent.FutureTask.run(FutureTask.java:317)
at java.base/java.util.concurrent.ThreadPoolExecutor.runWorker(ThreadPoolExecutor.java:1144)
at java.base/java.util.concurrent.ThreadPoolExecutor$Worker.run(ThreadPoolExecutor.java:642)
at java.base/java.lang.Thread.run(Thread.java:1583)
... Removed 18 stack frames]]>
    </failure>
  </testcase> <!-- @BeforeMethod browserLaunchAndUrlLoad -->
  <testcase classname="base.ProjectSpecificationMethods" name="@AfterMethod closeBrowser" time="0.0">
    <skipped/>
  </testcase> <!-- @AfterMethod closeBrowser -->
  <testcase classname="tests.TC_007_LogOutTest" name="testLogOut" time="0.0">
    <skipped/>
  </testcase> <!-- testLogOut -->
</testsuite> <!-- Test -->
